<?xml version="1.0" encoding="UTF-8"?>
<coverage generated="1547168468687" clover="3.2.0">
  <project timestamp="1547168468687" name="All files">
    <metrics statements="43" coveredstatements="36" conditionals="40" coveredconditionals="33" methods="9" coveredmethods="9" elements="92" coveredelements="78" complexity="0" loc="43" ncloc="43" packages="2" files="2" classes="2">
      <package name="src">
        <metrics statements="41" coveredstatements="34" conditionals="40" coveredconditionals="33" methods="9" coveredmethods="9"/>
        <file name="data.js" path="/home/laboratoriad302/Documentos/laboratoria/scl-2018-12-bc-core-data-lovers/src/data.js">
          <metrics statements="41" coveredstatements="34" conditionals="40" coveredconditionals="33" methods="9" coveredmethods="9"/>
          <line num="1" count="1" type="stmt"/>
          <line num="3" count="2" type="cond" truecount="1" falsecount="1"/>
          <line num="4" count="0" type="stmt"/>
          <line num="6" count="2" type="stmt"/>
          <line num="7" count="302" type="cond" truecount="2" falsecount="0"/>
          <line num="8" count="267" type="cond" truecount="2" falsecount="0"/>
          <line num="10" count="2" type="stmt"/>
          <line num="13" count="4" type="cond" truecount="4" falsecount="0"/>
          <line num="14" count="1" type="stmt"/>
          <line num="15" count="900" type="cond" truecount="2" falsecount="0"/>
          <line num="16" count="399" type="stmt"/>
          <line num="18" count="501" type="cond" truecount="1" falsecount="1"/>
          <line num="19" count="501" type="stmt"/>
          <line num="21" count="0" type="stmt"/>
          <line num="24" count="4" type="cond" truecount="4" falsecount="0"/>
          <line num="25" count="1" type="stmt"/>
          <line num="26" count="150" type="cond" truecount="1" falsecount="1"/>
          <line num="27" count="0" type="stmt"/>
          <line num="29" count="150" type="cond" truecount="1" falsecount="1"/>
          <line num="30" count="150" type="stmt"/>
          <line num="32" count="0" type="stmt"/>
          <line num="35" count="4" type="cond" truecount="4" falsecount="0"/>
          <line num="36" count="1" type="stmt"/>
          <line num="37" count="901" type="cond" truecount="2" falsecount="0"/>
          <line num="38" count="427" type="stmt"/>
          <line num="40" count="474" type="cond" truecount="1" falsecount="1"/>
          <line num="41" count="474" type="stmt"/>
          <line num="43" count="0" type="stmt"/>
          <line num="46" count="4" type="cond" truecount="4" falsecount="0"/>
          <line num="47" count="1" type="stmt"/>
          <line num="48" count="150" type="cond" truecount="1" falsecount="1"/>
          <line num="49" count="0" type="stmt"/>
          <line num="51" count="150" type="cond" truecount="1" falsecount="1"/>
          <line num="52" count="150" type="stmt"/>
          <line num="54" count="0" type="stmt"/>
          <line num="57" count="4" type="stmt"/>
          <line num="60" count="1" type="stmt"/>
          <line num="61" count="1" type="stmt"/>
          <line num="62" count="151" type="cond" truecount="2" falsecount="0"/>
          <line num="63" count="32" type="stmt"/>
          <line num="66" count="1" type="stmt"/>
        </file>
      </package>
      <package name="src.data.pokemon">
        <metrics statements="2" coveredstatements="2" conditionals="0" coveredconditionals="0" methods="0" coveredmethods="0"/>
        <file name="pokemon.js" path="/home/laboratoriad302/Documentos/laboratoria/scl-2018-12-bc-core-data-lovers/src/data/pokemon/pokemon.js">
          <metrics statements="2" coveredstatements="2" conditionals="0" coveredconditionals="0" methods="0" coveredmethods="0"/>
          <line num="1" count="1" type="stmt"/>
          <line num="4089" count="1" type="stmt"/>
        </file>
      </package>
    </metrics>
  </project>
</coverage>
