{"/home/laboratoriad302/Documentos/laboratoria/scl-2018-12-bc-core-data-lovers/src/data.js": {"path":"/home/laboratoriad302/Documentos/laboratoria/scl-2018-12-bc-core-data-lovers/src/data.js","statementMap":{"0":{"start":{"line":1,"column":0},"end":{"line":68,"column":1}},"1":{"start":{"line":3,"column":4},"end":{"line":5,"column":5}},"2":{"start":{"line":4,"column":8},"end":{"line":4,"column":20}},"3":{"start":{"line":6,"column":30},"end":{"line":9,"column":6}},"4":{"start":{"line":7,"column":8},"end":{"line":8,"column":85}},"5":{"start":{"line":7,"column":43},"end":{"line":7,"column":80}},"6":{"start":{"line":8,"column":13},"end":{"line":8,"column":85}},"7":{"start":{"line":8,"column":48},"end":{"line":8,"column":85}},"8":{"start":{"line":10,"column":4},"end":{"line":10,"column":28}},"9":{"start":{"line":13,"column":4},"end":{"line":23,"column":5}},"10":{"start":{"line":14,"column":8},"end":{"line":22,"column":11}},"11":{"start":{"line":15,"column":12},"end":{"line":17,"column":13}},"12":{"start":{"line":16,"column":12},"end":{"line":16,"column":21}},"13":{"start":{"line":18,"column":12},"end":{"line":20,"column":13}},"14":{"start":{"line":19,"column":16},"end":{"line":19,"column":26}},"15":{"start":{"line":21,"column":12},"end":{"line":21,"column":21}},"16":{"start":{"line":24,"column":4},"end":{"line":34,"column":5}},"17":{"start":{"line":25,"column":8},"end":{"line":33,"column":11}},"18":{"start":{"line":26,"column":12},"end":{"line":28,"column":13}},"19":{"start":{"line":27,"column":16},"end":{"line":27,"column":25}},"20":{"start":{"line":29,"column":12},"end":{"line":31,"column":13}},"21":{"start":{"line":30,"column":16},"end":{"line":30,"column":26}},"22":{"start":{"line":32,"column":12},"end":{"line":32,"column":21}},"23":{"start":{"line":35,"column":4},"end":{"line":45,"column":5}},"24":{"start":{"line":36,"column":8},"end":{"line":44,"column":11}},"25":{"start":{"line":37,"column":12},"end":{"line":39,"column":13}},"26":{"start":{"line":38,"column":12},"end":{"line":38,"column":21}},"27":{"start":{"line":40,"column":12},"end":{"line":42,"column":13}},"28":{"start":{"line":41,"column":16},"end":{"line":41,"column":26}},"29":{"start":{"line":43,"column":12},"end":{"line":43,"column":21}},"30":{"start":{"line":46,"column":4},"end":{"line":56,"column":5}},"31":{"start":{"line":47,"column":8},"end":{"line":55,"column":11}},"32":{"start":{"line":48,"column":12},"end":{"line":50,"column":13}},"33":{"start":{"line":49,"column":16},"end":{"line":49,"column":25}},"34":{"start":{"line":51,"column":12},"end":{"line":53,"column":13}},"35":{"start":{"line":52,"column":12},"end":{"line":52,"column":22}},"36":{"start":{"line":54,"column":12},"end":{"line":54,"column":21}},"37":{"start":{"line":57,"column":4},"end":{"line":57,"column":16}},"38":{"start":{"line":60,"column":18},"end":{"line":60,"column":19}},"39":{"start":{"line":61,"column":4},"end":{"line":65,"column":6}},"40":{"start":{"line":62,"column":6},"end":{"line":64,"column":7}},"41":{"start":{"line":63,"column":8},"end":{"line":63,"column":18}},"42":{"start":{"line":66,"column":4},"end":{"line":66,"column":19}}},"fnMap":{"0":{"name":"(anonymous_0)","decl":{"start":{"line":2,"column":15},"end":{"line":2,"column":16}},"loc":{"start":{"line":2,"column":37},"end":{"line":11,"column":1}},"line":2},"1":{"name":"(anonymous_1)","decl":{"start":{"line":6,"column":42},"end":{"line":6,"column":43}},"loc":{"start":{"line":6,"column":53},"end":{"line":9,"column":5}},"line":6},"2":{"name":"(anonymous_2)","decl":{"start":{"line":12,"column":14},"end":{"line":12,"column":15}},"loc":{"start":{"line":12,"column":43},"end":{"line":58,"column":2}},"line":12},"3":{"name":"(anonymous_3)","decl":{"start":{"line":14,"column":18},"end":{"line":14,"column":19}},"loc":{"start":{"line":14,"column":33},"end":{"line":22,"column":9}},"line":14},"4":{"name":"(anonymous_4)","decl":{"start":{"line":25,"column":18},"end":{"line":25,"column":19}},"loc":{"start":{"line":25,"column":33},"end":{"line":33,"column":9}},"line":25},"5":{"name":"(anonymous_5)","decl":{"start":{"line":36,"column":18},"end":{"line":36,"column":19}},"loc":{"start":{"line":36,"column":33},"end":{"line":44,"column":9}},"line":36},"6":{"name":"(anonymous_6)","decl":{"start":{"line":47,"column":18},"end":{"line":47,"column":19}},"loc":{"start":{"line":47,"column":33},"end":{"line":55,"column":9}},"line":47},"7":{"name":"(anonymous_7)","decl":{"start":{"line":59,"column":15},"end":{"line":59,"column":16}},"loc":{"start":{"line":59,"column":30},"end":{"line":67,"column":1}},"line":59},"8":{"name":"(anonymous_8)","decl":{"start":{"line":61,"column":17},"end":{"line":61,"column":18}},"loc":{"start":{"line":61,"column":27},"end":{"line":65,"column":5}},"line":61}},"branchMap":{"0":{"loc":{"start":{"line":3,"column":4},"end":{"line":5,"column":5}},"type":"if","locations":[{"start":{"line":3,"column":4},"end":{"line":5,"column":5}},{"start":{"line":3,"column":4},"end":{"line":5,"column":5}}],"line":3},"1":{"loc":{"start":{"line":7,"column":8},"end":{"line":8,"column":85}},"type":"if","locations":[{"start":{"line":7,"column":8},"end":{"line":8,"column":85}},{"start":{"line":7,"column":8},"end":{"line":8,"column":85}}],"line":7},"2":{"loc":{"start":{"line":8,"column":13},"end":{"line":8,"column":85}},"type":"if","locations":[{"start":{"line":8,"column":13},"end":{"line":8,"column":85}},{"start":{"line":8,"column":13},"end":{"line":8,"column":85}}],"line":8},"3":{"loc":{"start":{"line":13,"column":4},"end":{"line":23,"column":5}},"type":"if","locations":[{"start":{"line":13,"column":4},"end":{"line":23,"column":5}},{"start":{"line":13,"column":4},"end":{"line":23,"column":5}}],"line":13},"4":{"loc":{"start":{"line":13,"column":8},"end":{"line":13,"column":47}},"type":"binary-expr","locations":[{"start":{"line":13,"column":8},"end":{"line":13,"column":25}},{"start":{"line":13,"column":29},"end":{"line":13,"column":47}}],"line":13},"5":{"loc":{"start":{"line":15,"column":12},"end":{"line":17,"column":13}},"type":"if","locations":[{"start":{"line":15,"column":12},"end":{"line":17,"column":13}},{"start":{"line":15,"column":12},"end":{"line":17,"column":13}}],"line":15},"6":{"loc":{"start":{"line":18,"column":12},"end":{"line":20,"column":13}},"type":"if","locations":[{"start":{"line":18,"column":12},"end":{"line":20,"column":13}},{"start":{"line":18,"column":12},"end":{"line":20,"column":13}}],"line":18},"7":{"loc":{"start":{"line":24,"column":4},"end":{"line":34,"column":5}},"type":"if","locations":[{"start":{"line":24,"column":4},"end":{"line":34,"column":5}},{"start":{"line":24,"column":4},"end":{"line":34,"column":5}}],"line":24},"8":{"loc":{"start":{"line":24,"column":8},"end":{"line":24,"column":47}},"type":"binary-expr","locations":[{"start":{"line":24,"column":8},"end":{"line":24,"column":25}},{"start":{"line":24,"column":29},"end":{"line":24,"column":47}}],"line":24},"9":{"loc":{"start":{"line":26,"column":12},"end":{"line":28,"column":13}},"type":"if","locations":[{"start":{"line":26,"column":12},"end":{"line":28,"column":13}},{"start":{"line":26,"column":12},"end":{"line":28,"column":13}}],"line":26},"10":{"loc":{"start":{"line":29,"column":12},"end":{"line":31,"column":13}},"type":"if","locations":[{"start":{"line":29,"column":12},"end":{"line":31,"column":13}},{"start":{"line":29,"column":12},"end":{"line":31,"column":13}}],"line":29},"11":{"loc":{"start":{"line":35,"column":4},"end":{"line":45,"column":5}},"type":"if","locations":[{"start":{"line":35,"column":4},"end":{"line":45,"column":5}},{"start":{"line":35,"column":4},"end":{"line":45,"column":5}}],"line":35},"12":{"loc":{"start":{"line":35,"column":8},"end":{"line":35,"column":53}},"type":"binary-expr","locations":[{"start":{"line":35,"column":8},"end":{"line":35,"column":24}},{"start":{"line":35,"column":28},"end":{"line":35,"column":53}}],"line":35},"13":{"loc":{"start":{"line":37,"column":12},"end":{"line":39,"column":13}},"type":"if","locations":[{"start":{"line":37,"column":12},"end":{"line":39,"column":13}},{"start":{"line":37,"column":12},"end":{"line":39,"column":13}}],"line":37},"14":{"loc":{"start":{"line":40,"column":12},"end":{"line":42,"column":13}},"type":"if","locations":[{"start":{"line":40,"column":12},"end":{"line":42,"column":13}},{"start":{"line":40,"column":12},"end":{"line":42,"column":13}}],"line":40},"15":{"loc":{"start":{"line":46,"column":4},"end":{"line":56,"column":5}},"type":"if","locations":[{"start":{"line":46,"column":4},"end":{"line":56,"column":5}},{"start":{"line":46,"column":4},"end":{"line":56,"column":5}}],"line":46},"16":{"loc":{"start":{"line":46,"column":8},"end":{"line":46,"column":53}},"type":"binary-expr","locations":[{"start":{"line":46,"column":8},"end":{"line":46,"column":24}},{"start":{"line":46,"column":28},"end":{"line":46,"column":53}}],"line":46},"17":{"loc":{"start":{"line":48,"column":12},"end":{"line":50,"column":13}},"type":"if","locations":[{"start":{"line":48,"column":12},"end":{"line":50,"column":13}},{"start":{"line":48,"column":12},"end":{"line":50,"column":13}}],"line":48},"18":{"loc":{"start":{"line":51,"column":12},"end":{"line":53,"column":13}},"type":"if","locations":[{"start":{"line":51,"column":12},"end":{"line":53,"column":13}},{"start":{"line":51,"column":12},"end":{"line":53,"column":13}}],"line":51},"19":{"loc":{"start":{"line":62,"column":6},"end":{"line":64,"column":7}},"type":"if","locations":[{"start":{"line":62,"column":6},"end":{"line":64,"column":7}},{"start":{"line":62,"column":6},"end":{"line":64,"column":7}}],"line":62}},"s":{"0":1,"1":2,"2":0,"3":2,"4":302,"5":35,"6":267,"7":5,"8":2,"9":4,"10":1,"11":900,"12":399,"13":501,"14":501,"15":0,"16":4,"17":1,"18":150,"19":0,"20":150,"21":150,"22":0,"23":4,"24":1,"25":901,"26":427,"27":474,"28":474,"29":0,"30":4,"31":1,"32":150,"33":0,"34":150,"35":150,"36":0,"37":4,"38":1,"39":1,"40":151,"41":32,"42":1},"f":{"0":2,"1":302,"2":4,"3":900,"4":150,"5":901,"6":150,"7":1,"8":151},"b":{"0":[0,2],"1":[35,267],"2":[5,262],"3":[1,3],"4":[4,2],"5":[399,501],"6":[501,0],"7":[1,3],"8":[4,2],"9":[0,150],"10":[150,0],"11":[1,3],"12":[4,2],"13":[427,474],"14":[474,0],"15":[1,3],"16":[4,2],"17":[0,150],"18":[150,0],"19":[32,119]},"_coverageSchema":"332fd63041d2c1bcb487cc26dd0d5f7d97098a6c","hash":"33bb98d57104f778da4c17f63cc259703b5c804a"}
,"/home/laboratoriad302/Documentos/laboratoria/scl-2018-12-bc-core-data-lovers/src/data/pokemon/pokemon.js": {"path":"/home/laboratoriad302/Documentos/laboratoria/scl-2018-12-bc-core-data-lovers/src/data/pokemon/pokemon.js","statementMap":{"0":{"start":{"line":1,"column":16},"end":{"line":4086,"column":1}},"1":{"start":{"line":4089,"column":0},"end":{"line":4089,"column":25}}},"fnMap":{},"branchMap":{},"s":{"0":1,"1":1},"f":{},"b":{},"_coverageSchema":"332fd63041d2c1bcb487cc26dd0d5f7d97098a6c","hash":"f4d333c375347eb626e7c335dd362555514fef49"}
}
