TN:
SF:/home/laboratoriad302/Documentos/laboratoria/scl-2018-12-bc-core-data-lovers/src/data.js
FN:2,(anonymous_0)
FN:6,(anonymous_1)
FN:12,(anonymous_2)
FN:14,(anonymous_3)
FN:25,(anonymous_4)
FN:36,(anonymous_5)
FN:47,(anonymous_6)
FN:59,(anonymous_7)
FN:61,(anonymous_8)
FNF:9
FNH:9
FNDA:2,(anonymous_0)
FNDA:302,(anonymous_1)
FNDA:4,(anonymous_2)
FNDA:900,(anonymous_3)
FNDA:150,(anonymous_4)
FNDA:901,(anonymous_5)
FNDA:150,(anonymous_6)
FNDA:1,(anonymous_7)
FNDA:151,(anonymous_8)
DA:1,1
DA:3,2
DA:4,0
DA:6,2
DA:7,302
DA:8,267
DA:10,2
DA:13,4
DA:14,1
DA:15,900
DA:16,399
DA:18,501
DA:19,501
DA:21,0
DA:24,4
DA:25,1
DA:26,150
DA:27,0
DA:29,150
DA:30,150
DA:32,0
DA:35,4
DA:36,1
DA:37,901
DA:38,427
DA:40,474
DA:41,474
DA:43,0
DA:46,4
DA:47,1
DA:48,150
DA:49,0
DA:51,150
DA:52,150
DA:54,0
DA:57,4
DA:60,1
DA:61,1
DA:62,151
DA:63,32
DA:66,1
LF:41
LH:34
BRDA:3,0,0,0
BRDA:3,0,1,2
BRDA:7,1,0,35
BRDA:7,1,1,267
BRDA:8,2,0,5
BRDA:8,2,1,262
BRDA:13,3,0,1
BRDA:13,3,1,3
BRDA:13,4,0,4
BRDA:13,4,1,2
BRDA:15,5,0,399
BRDA:15,5,1,501
BRDA:18,6,0,501
BRDA:18,6,1,0
BRDA:24,7,0,1
BRDA:24,7,1,3
BRDA:24,8,0,4
BRDA:24,8,1,2
BRDA:26,9,0,0
BRDA:26,9,1,150
BRDA:29,10,0,150
BRDA:29,10,1,0
BRDA:35,11,0,1
BRDA:35,11,1,3
BRDA:35,12,0,4
BRDA:35,12,1,2
BRDA:37,13,0,427
BRDA:37,13,1,474
BRDA:40,14,0,474
BRDA:40,14,1,0
BRDA:46,15,0,1
BRDA:46,15,1,3
BRDA:46,16,0,4
BRDA:46,16,1,2
BRDA:48,17,0,0
BRDA:48,17,1,150
BRDA:51,18,0,150
BRDA:51,18,1,0
BRDA:62,19,0,32
BRDA:62,19,1,119
BRF:40
BRH:33
end_of_record
TN:
SF:/home/laboratoriad302/Documentos/laboratoria/scl-2018-12-bc-core-data-lovers/src/data/pokemon/pokemon.js
FNF:0
FNH:0
DA:1,1
DA:4089,1
LF:2
LH:2
BRF:0
BRH:0
end_of_record
